{"C:\\Projetos\\TCC\\TCC-Routing-Machine-SWM\\server.js": {"path":"C:\\Projetos\\TCC\\TCC-Routing-Machine-SWM\\server.js","statementMap":{"0":{"start":{"line":5,"column":16},"end":{"line":5,"column":34}},"1":{"start":{"line":6,"column":18},"end":{"line":6,"column":38}},"2":{"start":{"line":7,"column":13},"end":{"line":7,"column":28}},"3":{"start":{"line":8,"column":14},"end":{"line":8,"column":35}},"4":{"start":{"line":9,"column":11},"end":{"line":9,"column":33}},"5":{"start":{"line":11,"column":12},"end":{"line":11,"column":21}},"6":{"start":{"line":12,"column":13},"end":{"line":12,"column":29}},"7":{"start":{"line":13,"column":23},"end":{"line":13,"column":49}},"8":{"start":{"line":15,"column":19},"end":{"line":15,"column":59}},"9":{"start":{"line":17,"column":0},"end":{"line":17,"column":24}},"10":{"start":{"line":19,"column":0},"end":{"line":19,"column":87}},"11":{"start":{"line":21,"column":18},"end":{"line":21,"column":19}},"12":{"start":{"line":23,"column":25},"end":{"line":23,"column":27}},"13":{"start":{"line":30,"column":0},"end":{"line":32,"column":3}},"14":{"start":{"line":31,"column":2},"end":{"line":31,"column":31}},"15":{"start":{"line":41,"column":2},"end":{"line":61,"column":3}},"16":{"start":{"line":42,"column":4},"end":{"line":42,"column":52}},"17":{"start":{"line":44,"column":18},"end":{"line":44,"column":46}},"18":{"start":{"line":45,"column":23},"end":{"line":45,"column":74}},"19":{"start":{"line":45,"column":44},"end":{"line":45,"column":73}},"20":{"start":{"line":47,"column":4},"end":{"line":49,"column":5}},"21":{"start":{"line":48,"column":6},"end":{"line":48,"column":15}},"22":{"start":{"line":51,"column":26},"end":{"line":55,"column":9}},"23":{"start":{"line":52,"column":20},"end":{"line":52,"column":50}},"24":{"start":{"line":53,"column":25},"end":{"line":53,"column":47}},"25":{"start":{"line":54,"column":6},"end":{"line":54,"column":49}},"26":{"start":{"line":57,"column":4},"end":{"line":57,"column":29}},"27":{"start":{"line":59,"column":4},"end":{"line":59,"column":76}},"28":{"start":{"line":60,"column":4},"end":{"line":60,"column":13}},"29":{"start":{"line":72,"column":85},"end":{"line":72,"column":92}},"30":{"start":{"line":74,"column":2},"end":{"line":103,"column":4}},"31":{"start":{"line":111,"column":0},"end":{"line":175,"column":3}},"32":{"start":{"line":112,"column":2},"end":{"line":114,"column":3}},"33":{"start":{"line":113,"column":4},"end":{"line":113,"column":92}},"34":{"start":{"line":116,"column":18},"end":{"line":116,"column":26}},"35":{"start":{"line":118,"column":16},"end":{"line":118,"column":20}},"36":{"start":{"line":119,"column":2},"end":{"line":174,"column":3}},"37":{"start":{"line":120,"column":22},"end":{"line":120,"column":237}},"38":{"start":{"line":121,"column":21},"end":{"line":121,"column":43}},"39":{"start":{"line":122,"column":17},"end":{"line":122,"column":38}},"40":{"start":{"line":124,"column":4},"end":{"line":126,"column":5}},"41":{"start":{"line":125,"column":6},"end":{"line":125,"column":83}},"42":{"start":{"line":127,"column":26},"end":{"line":127,"column":49}},"43":{"start":{"line":129,"column":4},"end":{"line":129,"column":65}},"44":{"start":{"line":131,"column":28},"end":{"line":131,"column":54}},"45":{"start":{"line":132,"column":21},"end":{"line":132,"column":49}},"46":{"start":{"line":133,"column":23},"end":{"line":133,"column":54}},"47":{"start":{"line":135,"column":4},"end":{"line":135,"column":93}},"48":{"start":{"line":136,"column":17},"end":{"line":136,"column":40}},"49":{"start":{"line":139,"column":4},"end":{"line":139,"column":45}},"50":{"start":{"line":141,"column":4},"end":{"line":141,"column":80}},"51":{"start":{"line":141,"column":30},"end":{"line":141,"column":78}},"52":{"start":{"line":143,"column":4},"end":{"line":143,"column":44}},"53":{"start":{"line":146,"column":4},"end":{"line":149,"column":7}},"54":{"start":{"line":151,"column":4},"end":{"line":151,"column":87}},"55":{"start":{"line":154,"column":4},"end":{"line":154,"column":61}},"56":{"start":{"line":154,"column":33},"end":{"line":154,"column":59}},"57":{"start":{"line":156,"column":23},"end":{"line":156,"column":43}},"58":{"start":{"line":157,"column":4},"end":{"line":157,"column":54}},"59":{"start":{"line":159,"column":4},"end":{"line":159,"column":77}},"60":{"start":{"line":161,"column":4},"end":{"line":165,"column":7}},"61":{"start":{"line":168,"column":4},"end":{"line":168,"column":67}},"62":{"start":{"line":169,"column":4},"end":{"line":169,"column":88}},"63":{"start":{"line":171,"column":4},"end":{"line":173,"column":5}},"64":{"start":{"line":172,"column":6},"end":{"line":172,"column":28}},"65":{"start":{"line":180,"column":0},"end":{"line":185,"column":1}},"66":{"start":{"line":181,"column":17},"end":{"line":183,"column":4}},"67":{"start":{"line":182,"column":4},"end":{"line":182,"column":64}},"68":{"start":{"line":184,"column":2},"end":{"line":184,"column":28}},"69":{"start":{"line":188,"column":0},"end":{"line":188,"column":62}}},"fnMap":{"0":{"name":"(anonymous_0)","decl":{"start":{"line":30,"column":23},"end":{"line":30,"column":24}},"loc":{"start":{"line":30,"column":37},"end":{"line":32,"column":1}},"line":30},"1":{"name":"getNextRouteNumber","decl":{"start":{"line":40,"column":15},"end":{"line":40,"column":33}},"loc":{"start":{"line":40,"column":36},"end":{"line":62,"column":1}},"line":40},"2":{"name":"(anonymous_2)","decl":{"start":{"line":45,"column":36},"end":{"line":45,"column":37}},"loc":{"start":{"line":45,"column":44},"end":{"line":45,"column":73}},"line":45},"3":{"name":"(anonymous_3)","decl":{"start":{"line":51,"column":44},"end":{"line":51,"column":45}},"loc":{"start":{"line":51,"column":59},"end":{"line":55,"column":5}},"line":51},"4":{"name":"generateMapHtml","decl":{"start":{"line":71,"column":9},"end":{"line":71,"column":24}},"loc":{"start":{"line":71,"column":49},"end":{"line":104,"column":1}},"line":71},"5":{"name":"(anonymous_5)","decl":{"start":{"line":111,"column":35},"end":{"line":111,"column":36}},"loc":{"start":{"line":111,"column":55},"end":{"line":175,"column":1}},"line":111},"6":{"name":"(anonymous_6)","decl":{"start":{"line":141,"column":23},"end":{"line":141,"column":24}},"loc":{"start":{"line":141,"column":30},"end":{"line":141,"column":78}},"line":141},"7":{"name":"(anonymous_7)","decl":{"start":{"line":154,"column":22},"end":{"line":154,"column":23}},"loc":{"start":{"line":154,"column":33},"end":{"line":154,"column":59}},"line":154},"8":{"name":"(anonymous_8)","decl":{"start":{"line":181,"column":34},"end":{"line":181,"column":35}},"loc":{"start":{"line":181,"column":40},"end":{"line":183,"column":3}},"line":181}},"branchMap":{"0":{"loc":{"start":{"line":47,"column":4},"end":{"line":49,"column":5}},"type":"if","locations":[{"start":{"line":47,"column":4},"end":{"line":49,"column":5}},{"start":{},"end":{}}],"line":47},"1":{"loc":{"start":{"line":54,"column":13},"end":{"line":54,"column":48}},"type":"cond-expr","locations":[{"start":{"line":54,"column":32},"end":{"line":54,"column":42}},{"start":{"line":54,"column":45},"end":{"line":54,"column":48}}],"line":54},"2":{"loc":{"start":{"line":112,"column":2},"end":{"line":114,"column":3}},"type":"if","locations":[{"start":{"line":112,"column":2},"end":{"line":114,"column":3}},{"start":{},"end":{}}],"line":112},"3":{"loc":{"start":{"line":124,"column":4},"end":{"line":126,"column":5}},"type":"if","locations":[{"start":{"line":124,"column":4},"end":{"line":126,"column":5}},{"start":{},"end":{}}],"line":124},"4":{"loc":{"start":{"line":125,"column":54},"end":{"line":125,"column":79}},"type":"binary-expr","locations":[{"start":{"line":125,"column":54},"end":{"line":125,"column":66}},{"start":{"line":125,"column":70},"end":{"line":125,"column":79}}],"line":125},"5":{"loc":{"start":{"line":171,"column":4},"end":{"line":173,"column":5}},"type":"if","locations":[{"start":{"line":171,"column":4},"end":{"line":173,"column":5}},{"start":{},"end":{}}],"line":171},"6":{"loc":{"start":{"line":180,"column":0},"end":{"line":185,"column":1}},"type":"if","locations":[{"start":{"line":180,"column":0},"end":{"line":185,"column":1}},{"start":{},"end":{}}],"line":180}},"s":{"0":11,"1":11,"2":11,"3":11,"4":11,"5":11,"6":11,"7":11,"8":11,"9":11,"10":11,"11":11,"12":11,"13":11,"14":1,"15":5,"16":5,"17":5,"18":4,"19":4,"20":4,"21":3,"22":1,"23":3,"24":3,"25":3,"26":1,"27":1,"28":1,"29":3,"30":3,"31":11,"32":5,"33":1,"34":4,"35":4,"36":4,"37":4,"38":4,"39":3,"40":3,"41":1,"42":2,"43":2,"44":2,"45":2,"46":2,"47":2,"48":2,"49":1,"50":1,"51":0,"52":1,"53":1,"54":1,"55":1,"56":1,"57":1,"58":1,"59":1,"60":1,"61":3,"62":3,"63":4,"64":2,"65":11,"66":0,"67":0,"68":0,"69":11},"f":{"0":1,"1":5,"2":4,"3":3,"4":3,"5":5,"6":0,"7":1,"8":0},"b":{"0":[3,1],"1":[2,1],"2":[1,4],"3":[1,2],"4":[1,0],"5":[2,2],"6":[0,11]},"_coverageSchema":"1a1c01bbd47fc00a2c39e90264f33305004495a9","hash":"b144a82092900d74534cd9c15d53aebacbe4ba6b"}
}
