TN:
SF:server.js
FN:30,(anonymous_0)
FN:40,getNextRouteNumber
FN:45,(anonymous_2)
FN:51,(anonymous_3)
FN:71,generateMapHtml
FN:111,(anonymous_5)
FN:141,(anonymous_6)
FN:154,(anonymous_7)
FN:181,(anonymous_8)
FNF:9
FNH:7
FNDA:1,(anonymous_0)
FNDA:5,getNextRouteNumber
FNDA:4,(anonymous_2)
FNDA:3,(anonymous_3)
FNDA:3,generateMapHtml
FNDA:5,(anonymous_5)
FNDA:0,(anonymous_6)
FNDA:1,(anonymous_7)
FNDA:0,(anonymous_8)
DA:5,11
DA:6,11
DA:7,11
DA:8,11
DA:9,11
DA:11,11
DA:12,11
DA:13,11
DA:15,11
DA:17,11
DA:19,11
DA:21,11
DA:23,11
DA:30,11
DA:31,1
DA:41,5
DA:42,5
DA:44,5
DA:45,4
DA:47,4
DA:48,3
DA:51,1
DA:52,3
DA:53,3
DA:54,3
DA:57,1
DA:59,1
DA:60,1
DA:72,3
DA:74,3
DA:111,11
DA:112,5
DA:113,1
DA:116,4
DA:118,4
DA:119,4
DA:120,4
DA:121,4
DA:122,3
DA:124,3
DA:125,1
DA:127,2
DA:129,2
DA:131,2
DA:132,2
DA:133,2
DA:135,2
DA:136,2
DA:139,1
DA:141,1
DA:143,1
DA:146,1
DA:151,1
DA:154,1
DA:156,1
DA:157,1
DA:159,1
DA:161,1
DA:168,3
DA:169,3
DA:171,4
DA:172,2
DA:180,11
DA:181,0
DA:182,0
DA:184,0
DA:188,11
LF:67
LH:64
BRDA:47,0,0,3
BRDA:47,0,1,1
BRDA:54,1,0,2
BRDA:54,1,1,1
BRDA:112,2,0,1
BRDA:112,2,1,4
BRDA:124,3,0,1
BRDA:124,3,1,2
BRDA:125,4,0,1
BRDA:125,4,1,0
BRDA:171,5,0,2
BRDA:171,5,1,2
BRDA:180,6,0,0
BRDA:180,6,1,11
BRF:14
BRH:12
end_of_record
